[2023-08-02 08:28:47Z INFO HostContext] No proxy settings were found based on environmental variables (http_proxy/https_proxy/HTTP_PROXY/HTTPS_PROXY)
[2023-08-02 08:28:47Z INFO HostContext] Well known directory 'Bin': 'C:\Users\busettod\OneDrive\Desktop\WEB DEVELOPER FULL STACK\Angular 2\actions-runner\bin'
[2023-08-02 08:28:47Z INFO HostContext] Well known directory 'Root': 'C:\Users\busettod\OneDrive\Desktop\WEB DEVELOPER FULL STACK\Angular 2\actions-runner'
[2023-08-02 08:28:47Z INFO HostContext] Well known config file 'Credentials': 'C:\Users\busettod\OneDrive\Desktop\WEB DEVELOPER FULL STACK\Angular 2\actions-runner\.credentials'
[2023-08-02 08:28:47Z INFO HostContext] Well known directory 'Bin': 'C:\Users\busettod\OneDrive\Desktop\WEB DEVELOPER FULL STACK\Angular 2\actions-runner\bin'
[2023-08-02 08:28:47Z INFO HostContext] Well known directory 'Root': 'C:\Users\busettod\OneDrive\Desktop\WEB DEVELOPER FULL STACK\Angular 2\actions-runner'
[2023-08-02 08:28:47Z INFO HostContext] Well known config file 'Runner': 'C:\Users\busettod\OneDrive\Desktop\WEB DEVELOPER FULL STACK\Angular 2\actions-runner\.runner'
[2023-08-02 08:28:47Z INFO Listener] Runner is built for Windows (X64) - win-x64.
[2023-08-02 08:28:47Z INFO Listener] RuntimeInformation: Microsoft Windows 10.0.22621.
[2023-08-02 08:28:47Z INFO Listener] Version: 2.307.1
[2023-08-02 08:28:47Z INFO Listener] Commit: 2a7e9ad3a7574c9c3e72b8cf7cf2e19c129d2ca8
[2023-08-02 08:28:47Z INFO Listener] Culture: it-IT
[2023-08-02 08:28:47Z INFO Listener] UI Culture: it-IT
[2023-08-02 08:28:47Z INFO HostContext] Well known directory 'Bin': 'C:\Users\busettod\OneDrive\Desktop\WEB DEVELOPER FULL STACK\Angular 2\actions-runner\bin'
[2023-08-02 08:28:47Z INFO HostContext] Well known directory 'Root': 'C:\Users\busettod\OneDrive\Desktop\WEB DEVELOPER FULL STACK\Angular 2\actions-runner'
[2023-08-02 08:28:47Z INFO Listener] Validating directory permissions for: 'C:\Users\busettod\OneDrive\Desktop\WEB DEVELOPER FULL STACK\Angular 2\actions-runner'
[2023-08-02 08:28:47Z INFO CommandLineParser] Parse
[2023-08-02 08:28:47Z INFO CommandLineParser] Parsing 1 args
[2023-08-02 08:28:47Z INFO CommandLineParser] parsing argument
[2023-08-02 08:28:47Z INFO CommandLineParser] HasArgs: False
[2023-08-02 08:28:47Z INFO CommandLineParser] Adding Command: run
[2023-08-02 08:28:47Z INFO Listener] Arguments parsed
[2023-08-02 08:28:47Z INFO Runner] ExecuteCommand
[2023-08-02 08:28:47Z INFO ConfigurationStore] currentAssemblyLocation: C:\Users\busettod\OneDrive\Desktop\WEB DEVELOPER FULL STACK\Angular 2\actions-runner\bin\Runner.Listener.dll
[2023-08-02 08:28:47Z INFO HostContext] Well known directory 'Bin': 'C:\Users\busettod\OneDrive\Desktop\WEB DEVELOPER FULL STACK\Angular 2\actions-runner\bin'
[2023-08-02 08:28:47Z INFO ConfigurationStore] binPath: C:\Users\busettod\OneDrive\Desktop\WEB DEVELOPER FULL STACK\Angular 2\actions-runner\bin
[2023-08-02 08:28:47Z INFO HostContext] Well known directory 'Bin': 'C:\Users\busettod\OneDrive\Desktop\WEB DEVELOPER FULL STACK\Angular 2\actions-runner\bin'
[2023-08-02 08:28:47Z INFO HostContext] Well known directory 'Root': 'C:\Users\busettod\OneDrive\Desktop\WEB DEVELOPER FULL STACK\Angular 2\actions-runner'
[2023-08-02 08:28:47Z INFO ConfigurationStore] RootFolder: C:\Users\busettod\OneDrive\Desktop\WEB DEVELOPER FULL STACK\Angular 2\actions-runner
[2023-08-02 08:28:47Z INFO HostContext] Well known directory 'Bin': 'C:\Users\busettod\OneDrive\Desktop\WEB DEVELOPER FULL STACK\Angular 2\actions-runner\bin'
[2023-08-02 08:28:47Z INFO HostContext] Well known directory 'Root': 'C:\Users\busettod\OneDrive\Desktop\WEB DEVELOPER FULL STACK\Angular 2\actions-runner'
[2023-08-02 08:28:47Z INFO HostContext] Well known config file 'Runner': 'C:\Users\busettod\OneDrive\Desktop\WEB DEVELOPER FULL STACK\Angular 2\actions-runner\.runner'
[2023-08-02 08:28:47Z INFO ConfigurationStore] ConfigFilePath: C:\Users\busettod\OneDrive\Desktop\WEB DEVELOPER FULL STACK\Angular 2\actions-runner\.runner
[2023-08-02 08:28:47Z INFO HostContext] Well known directory 'Bin': 'C:\Users\busettod\OneDrive\Desktop\WEB DEVELOPER FULL STACK\Angular 2\actions-runner\bin'
[2023-08-02 08:28:47Z INFO HostContext] Well known directory 'Root': 'C:\Users\busettod\OneDrive\Desktop\WEB DEVELOPER FULL STACK\Angular 2\actions-runner'
[2023-08-02 08:28:47Z INFO HostContext] Well known config file 'Credentials': 'C:\Users\busettod\OneDrive\Desktop\WEB DEVELOPER FULL STACK\Angular 2\actions-runner\.credentials'
[2023-08-02 08:28:47Z INFO ConfigurationStore] CredFilePath: C:\Users\busettod\OneDrive\Desktop\WEB DEVELOPER FULL STACK\Angular 2\actions-runner\.credentials
[2023-08-02 08:28:47Z INFO HostContext] Well known directory 'Bin': 'C:\Users\busettod\OneDrive\Desktop\WEB DEVELOPER FULL STACK\Angular 2\actions-runner\bin'
[2023-08-02 08:28:47Z INFO HostContext] Well known directory 'Root': 'C:\Users\busettod\OneDrive\Desktop\WEB DEVELOPER FULL STACK\Angular 2\actions-runner'
[2023-08-02 08:28:47Z INFO HostContext] Well known config file 'MigratedCredentials': 'C:\Users\busettod\OneDrive\Desktop\WEB DEVELOPER FULL STACK\Angular 2\actions-runner\.credentials_migrated'
[2023-08-02 08:28:47Z INFO ConfigurationStore] MigratedCredFilePath: C:\Users\busettod\OneDrive\Desktop\WEB DEVELOPER FULL STACK\Angular 2\actions-runner\.credentials_migrated
[2023-08-02 08:28:47Z INFO HostContext] Well known directory 'Bin': 'C:\Users\busettod\OneDrive\Desktop\WEB DEVELOPER FULL STACK\Angular 2\actions-runner\bin'
[2023-08-02 08:28:47Z INFO HostContext] Well known directory 'Root': 'C:\Users\busettod\OneDrive\Desktop\WEB DEVELOPER FULL STACK\Angular 2\actions-runner'
[2023-08-02 08:28:47Z INFO HostContext] Well known config file 'Service': 'C:\Users\busettod\OneDrive\Desktop\WEB DEVELOPER FULL STACK\Angular 2\actions-runner\.service'
[2023-08-02 08:28:47Z INFO ConfigurationStore] ServiceConfigFilePath: C:\Users\busettod\OneDrive\Desktop\WEB DEVELOPER FULL STACK\Angular 2\actions-runner\.service
[2023-08-02 08:28:47Z INFO CommandSettings] Flag 'help': 'False'
[2023-08-02 08:28:47Z INFO CommandSettings] Flag 'version': 'False'
[2023-08-02 08:28:47Z INFO CommandSettings] Flag 'commit': 'False'
[2023-08-02 08:28:47Z INFO CommandSettings] Flag 'check': 'False'
[2023-08-02 08:28:47Z INFO CommandSettings] Command 'configure': 'False'
[2023-08-02 08:28:47Z INFO CommandSettings] Command 'remove': 'False'
[2023-08-02 08:28:47Z INFO CommandSettings] Command 'warmup': 'False'
[2023-08-02 08:28:47Z INFO ConfigurationManager] LoadSettings
[2023-08-02 08:28:47Z INFO ConfigurationStore] IsConfigured()
[2023-08-02 08:28:47Z INFO ConfigurationStore] IsConfigured: True
[2023-08-02 08:28:47Z INFO ConfigurationManager] Is configured: True
[2023-08-02 08:28:47Z INFO ConfigurationStore] Read setting file: 301 chars
[2023-08-02 08:28:47Z INFO ConfigurationManager] Settings Loaded
[2023-08-02 08:28:47Z INFO ConfigurationStore] IsServiceConfigured()
[2023-08-02 08:28:47Z INFO ConfigurationStore] IsServiceConfigured: False
[2023-08-02 08:28:47Z INFO CommandSettings] Command 'run': 'True'
[2023-08-02 08:28:47Z INFO ConfigurationStore] IsConfigured()
[2023-08-02 08:28:47Z INFO ConfigurationStore] IsConfigured: True
[2023-08-02 08:28:47Z INFO ConfigurationManager] Is configured: True
[2023-08-02 08:28:47Z INFO Runner] Could not parse the argument value '' for StartupType. Defaulting to Manual
[2023-08-02 08:28:47Z INFO Runner] Set runner startup type - Manual
[2023-08-02 08:28:47Z INFO CommandSettings] Flag 'once': 'False'
[2023-08-02 08:28:47Z INFO CommandSettings] Flag 'once': 'False'
[2023-08-02 08:28:47Z INFO Runner] RunAsync
[2023-08-02 08:28:47Z INFO ConfigurationManager] LoadSettings
[2023-08-02 08:28:47Z INFO ConfigurationStore] IsConfigured()
[2023-08-02 08:28:47Z INFO ConfigurationStore] IsConfigured: True
[2023-08-02 08:28:47Z INFO ConfigurationManager] Is configured: True
[2023-08-02 08:28:47Z INFO ConfigurationManager] Settings Loaded
[2023-08-02 08:28:47Z INFO MessageListener] {
  "AgentId": 2,
  "AgentName": "NIUKOITS_04",
  "PoolId": 1,
  "PoolName": "Default",
  "ServerUrl": "https://pipelines.actions.githubusercontent.com/DvMWFS7J4IzhhtJ7gbKRwXKHmz86vKP775zyRq9gPrdyvvX9ax",
  "GitHubUrl": "https://github.com/dani01Lost4ever/Angular-2",
  "WorkFolder": "_work"
}
[2023-08-02 08:28:47Z INFO MessageListener] Loading Credentials
[2023-08-02 08:28:47Z INFO ConfigurationStore] HasCredentials()
[2023-08-02 08:28:47Z INFO ConfigurationStore] stored True
[2023-08-02 08:28:47Z INFO CredentialManager] GetCredentialProvider
[2023-08-02 08:28:47Z INFO CredentialManager] Creating type OAuth
[2023-08-02 08:28:47Z INFO CredentialManager] Creating credential type: OAuth
[2023-08-02 08:28:47Z INFO HostContext] Well known directory 'Bin': 'C:\Users\busettod\OneDrive\Desktop\WEB DEVELOPER FULL STACK\Angular 2\actions-runner\bin'
[2023-08-02 08:28:47Z INFO HostContext] Well known directory 'Root': 'C:\Users\busettod\OneDrive\Desktop\WEB DEVELOPER FULL STACK\Angular 2\actions-runner'
[2023-08-02 08:28:47Z INFO HostContext] Well known config file 'RSACredentials': 'C:\Users\busettod\OneDrive\Desktop\WEB DEVELOPER FULL STACK\Angular 2\actions-runner\.credentials_rsaparams'
[2023-08-02 08:28:47Z INFO RSAEncryptedFileKeyManager] Loading RSA key parameters from file C:\Users\busettod\OneDrive\Desktop\WEB DEVELOPER FULL STACK\Angular 2\actions-runner\.credentials_rsaparams
[2023-08-02 08:28:47Z INFO MessageListener] Attempt to create session.
[2023-08-02 08:28:47Z INFO MessageListener] Connecting to the Runner Server...
[2023-08-02 08:28:47Z INFO RunnerServer] EstablishVssConnection
[2023-08-02 08:28:47Z INFO RunnerServer] Establish connection with 100 seconds timeout.
[2023-08-02 08:28:47Z INFO GitHubActionsService] Starting operation Location.GetConnectionData
[2023-08-02 08:28:47Z INFO RunnerServer] EstablishVssConnection
[2023-08-02 08:28:47Z INFO RunnerServer] Establish connection with 60 seconds timeout.
[2023-08-02 08:28:47Z INFO GitHubActionsService] Starting operation Location.GetConnectionData
[2023-08-02 08:28:47Z INFO RunnerServer] EstablishVssConnection
[2023-08-02 08:28:47Z INFO RunnerServer] Establish connection with 60 seconds timeout.
[2023-08-02 08:28:47Z INFO GitHubActionsService] Starting operation Location.GetConnectionData
[2023-08-02 08:28:47Z INFO GitHubActionsService] Finished operation Location.GetConnectionData
[2023-08-02 08:28:48Z INFO GitHubActionsService] Finished operation Location.GetConnectionData
[2023-08-02 08:28:48Z INFO GitHubActionsService] Finished operation Location.GetConnectionData
[2023-08-02 08:28:48Z INFO MessageListener] VssConnection created
[2023-08-02 08:28:48Z INFO Terminal] WRITE LINE: 
[2023-08-02 08:28:48Z INFO Terminal] WRITE LINE: 
[2023-08-02 08:28:48Z INFO RSAEncryptedFileKeyManager] Loading RSA key parameters from file C:\Users\busettod\OneDrive\Desktop\WEB DEVELOPER FULL STACK\Angular 2\actions-runner\.credentials_rsaparams
[2023-08-02 08:28:48Z INFO RSAEncryptedFileKeyManager] Loading RSA key parameters from file C:\Users\busettod\OneDrive\Desktop\WEB DEVELOPER FULL STACK\Angular 2\actions-runner\.credentials_rsaparams
[2023-08-02 08:28:48Z INFO GitHubActionsService] AAD Correlation ID for this token request: Unknown
[2023-08-02 08:28:48Z INFO MessageListener] Session created.
[2023-08-02 08:28:48Z INFO Terminal] WRITE LINE: Current runner version: '2.307.1'
[2023-08-02 08:28:48Z INFO Terminal] WRITE LINE: 2023-08-02 08:28:48Z: Listening for Jobs
[2023-08-02 08:28:48Z INFO JobDispatcher] Set runner/worker IPC timeout to 30 seconds.
