[2023-08-02 08:28:31Z INFO HostContext] No proxy settings were found based on environmental variables (http_proxy/https_proxy/HTTP_PROXY/HTTPS_PROXY)
[2023-08-02 08:28:31Z INFO HostContext] Well known directory 'Bin': 'C:\Users\busettod\OneDrive\Desktop\WEB DEVELOPER FULL STACK\Angular 2\actions-runner\bin'
[2023-08-02 08:28:31Z INFO HostContext] Well known directory 'Root': 'C:\Users\busettod\OneDrive\Desktop\WEB DEVELOPER FULL STACK\Angular 2\actions-runner'
[2023-08-02 08:28:31Z INFO HostContext] Well known config file 'Credentials': 'C:\Users\busettod\OneDrive\Desktop\WEB DEVELOPER FULL STACK\Angular 2\actions-runner\.credentials'
[2023-08-02 08:28:31Z INFO HostContext] Well known directory 'Bin': 'C:\Users\busettod\OneDrive\Desktop\WEB DEVELOPER FULL STACK\Angular 2\actions-runner\bin'
[2023-08-02 08:28:31Z INFO HostContext] Well known directory 'Root': 'C:\Users\busettod\OneDrive\Desktop\WEB DEVELOPER FULL STACK\Angular 2\actions-runner'
[2023-08-02 08:28:31Z INFO HostContext] Well known config file 'Runner': 'C:\Users\busettod\OneDrive\Desktop\WEB DEVELOPER FULL STACK\Angular 2\actions-runner\.runner'
[2023-08-02 08:28:31Z INFO Listener] Runner is built for Windows (X64) - win-x64.
[2023-08-02 08:28:31Z INFO Listener] RuntimeInformation: Microsoft Windows 10.0.22621.
[2023-08-02 08:28:31Z INFO Listener] Version: 2.307.1
[2023-08-02 08:28:31Z INFO Listener] Commit: 2a7e9ad3a7574c9c3e72b8cf7cf2e19c129d2ca8
[2023-08-02 08:28:31Z INFO Listener] Culture: it-IT
[2023-08-02 08:28:31Z INFO Listener] UI Culture: it-IT
[2023-08-02 08:28:31Z INFO HostContext] Well known directory 'Bin': 'C:\Users\busettod\OneDrive\Desktop\WEB DEVELOPER FULL STACK\Angular 2\actions-runner\bin'
[2023-08-02 08:28:31Z INFO HostContext] Well known directory 'Root': 'C:\Users\busettod\OneDrive\Desktop\WEB DEVELOPER FULL STACK\Angular 2\actions-runner'
[2023-08-02 08:28:31Z INFO Listener] Validating directory permissions for: 'C:\Users\busettod\OneDrive\Desktop\WEB DEVELOPER FULL STACK\Angular 2\actions-runner'
[2023-08-02 08:28:31Z INFO CommandLineParser] Parse
[2023-08-02 08:28:31Z INFO CommandLineParser] Parsing 5 args
[2023-08-02 08:28:31Z INFO CommandLineParser] parsing argument
[2023-08-02 08:28:31Z INFO CommandLineParser] HasArgs: False
[2023-08-02 08:28:31Z INFO CommandLineParser] Adding Command: configure
[2023-08-02 08:28:31Z INFO CommandLineParser] parsing argument
[2023-08-02 08:28:31Z INFO CommandLineParser] HasArgs: True
[2023-08-02 08:28:31Z INFO CommandLineParser] arg: url
[2023-08-02 08:28:31Z INFO CommandLineParser] parsing argument
[2023-08-02 08:28:31Z INFO CommandLineParser] HasArgs: True
[2023-08-02 08:28:31Z INFO CommandLineParser] Adding option 'url': 'https://github.com/dani01Lost4ever/Angular-2'
[2023-08-02 08:28:31Z INFO CommandLineParser] parsing argument
[2023-08-02 08:28:31Z INFO CommandLineParser] HasArgs: True
[2023-08-02 08:28:31Z INFO CommandLineParser] arg: token
[2023-08-02 08:28:31Z INFO CommandLineParser] parsing argument
[2023-08-02 08:28:31Z INFO CommandLineParser] HasArgs: True
[2023-08-02 08:28:31Z INFO CommandLineParser] Adding option 'token': '***'
[2023-08-02 08:28:31Z INFO Listener] Arguments parsed
[2023-08-02 08:28:31Z INFO Runner] ExecuteCommand
[2023-08-02 08:28:31Z INFO ConfigurationStore] currentAssemblyLocation: C:\Users\busettod\OneDrive\Desktop\WEB DEVELOPER FULL STACK\Angular 2\actions-runner\bin\Runner.Listener.dll
[2023-08-02 08:28:31Z INFO HostContext] Well known directory 'Bin': 'C:\Users\busettod\OneDrive\Desktop\WEB DEVELOPER FULL STACK\Angular 2\actions-runner\bin'
[2023-08-02 08:28:31Z INFO ConfigurationStore] binPath: C:\Users\busettod\OneDrive\Desktop\WEB DEVELOPER FULL STACK\Angular 2\actions-runner\bin
[2023-08-02 08:28:31Z INFO HostContext] Well known directory 'Bin': 'C:\Users\busettod\OneDrive\Desktop\WEB DEVELOPER FULL STACK\Angular 2\actions-runner\bin'
[2023-08-02 08:28:31Z INFO HostContext] Well known directory 'Root': 'C:\Users\busettod\OneDrive\Desktop\WEB DEVELOPER FULL STACK\Angular 2\actions-runner'
[2023-08-02 08:28:31Z INFO ConfigurationStore] RootFolder: C:\Users\busettod\OneDrive\Desktop\WEB DEVELOPER FULL STACK\Angular 2\actions-runner
[2023-08-02 08:28:31Z INFO HostContext] Well known directory 'Bin': 'C:\Users\busettod\OneDrive\Desktop\WEB DEVELOPER FULL STACK\Angular 2\actions-runner\bin'
[2023-08-02 08:28:31Z INFO HostContext] Well known directory 'Root': 'C:\Users\busettod\OneDrive\Desktop\WEB DEVELOPER FULL STACK\Angular 2\actions-runner'
[2023-08-02 08:28:31Z INFO HostContext] Well known config file 'Runner': 'C:\Users\busettod\OneDrive\Desktop\WEB DEVELOPER FULL STACK\Angular 2\actions-runner\.runner'
[2023-08-02 08:28:31Z INFO ConfigurationStore] ConfigFilePath: C:\Users\busettod\OneDrive\Desktop\WEB DEVELOPER FULL STACK\Angular 2\actions-runner\.runner
[2023-08-02 08:28:31Z INFO HostContext] Well known directory 'Bin': 'C:\Users\busettod\OneDrive\Desktop\WEB DEVELOPER FULL STACK\Angular 2\actions-runner\bin'
[2023-08-02 08:28:31Z INFO HostContext] Well known directory 'Root': 'C:\Users\busettod\OneDrive\Desktop\WEB DEVELOPER FULL STACK\Angular 2\actions-runner'
[2023-08-02 08:28:31Z INFO HostContext] Well known config file 'Credentials': 'C:\Users\busettod\OneDrive\Desktop\WEB DEVELOPER FULL STACK\Angular 2\actions-runner\.credentials'
[2023-08-02 08:28:31Z INFO ConfigurationStore] CredFilePath: C:\Users\busettod\OneDrive\Desktop\WEB DEVELOPER FULL STACK\Angular 2\actions-runner\.credentials
[2023-08-02 08:28:31Z INFO HostContext] Well known directory 'Bin': 'C:\Users\busettod\OneDrive\Desktop\WEB DEVELOPER FULL STACK\Angular 2\actions-runner\bin'
[2023-08-02 08:28:31Z INFO HostContext] Well known directory 'Root': 'C:\Users\busettod\OneDrive\Desktop\WEB DEVELOPER FULL STACK\Angular 2\actions-runner'
[2023-08-02 08:28:31Z INFO HostContext] Well known config file 'MigratedCredentials': 'C:\Users\busettod\OneDrive\Desktop\WEB DEVELOPER FULL STACK\Angular 2\actions-runner\.credentials_migrated'
[2023-08-02 08:28:31Z INFO ConfigurationStore] MigratedCredFilePath: C:\Users\busettod\OneDrive\Desktop\WEB DEVELOPER FULL STACK\Angular 2\actions-runner\.credentials_migrated
[2023-08-02 08:28:31Z INFO HostContext] Well known directory 'Bin': 'C:\Users\busettod\OneDrive\Desktop\WEB DEVELOPER FULL STACK\Angular 2\actions-runner\bin'
[2023-08-02 08:28:31Z INFO HostContext] Well known directory 'Root': 'C:\Users\busettod\OneDrive\Desktop\WEB DEVELOPER FULL STACK\Angular 2\actions-runner'
[2023-08-02 08:28:31Z INFO HostContext] Well known config file 'Service': 'C:\Users\busettod\OneDrive\Desktop\WEB DEVELOPER FULL STACK\Angular 2\actions-runner\.service'
[2023-08-02 08:28:31Z INFO ConfigurationStore] ServiceConfigFilePath: C:\Users\busettod\OneDrive\Desktop\WEB DEVELOPER FULL STACK\Angular 2\actions-runner\.service
[2023-08-02 08:28:31Z INFO CommandSettings] Flag 'help': 'False'
[2023-08-02 08:28:31Z INFO CommandSettings] Flag 'version': 'False'
[2023-08-02 08:28:31Z INFO CommandSettings] Flag 'commit': 'False'
[2023-08-02 08:28:31Z INFO CommandSettings] Flag 'check': 'False'
[2023-08-02 08:28:31Z INFO CommandSettings] Command 'configure': 'True'
[2023-08-02 08:28:31Z INFO Terminal] WRITE LINE: 
[2023-08-02 08:28:31Z INFO Terminal] WRITE LINE: --------------------------------------------------------------------------------
[2023-08-02 08:28:31Z INFO Terminal] WRITE LINE: |        ____ _ _   _   _       _          _        _   _                      |
[2023-08-02 08:28:31Z INFO Terminal] WRITE LINE: |       / ___(_) |_| | | |_   _| |__      / \   ___| |_(_) ___  _ __  ___      |
[2023-08-02 08:28:31Z INFO Terminal] WRITE LINE: |      | |  _| | __| |_| | | | | '_ \    / _ \ / __| __| |/ _ \| '_ \/ __|     |
[2023-08-02 08:28:31Z INFO Terminal] WRITE LINE: |      | |_| | | |_|  _  | |_| | |_) |  / ___ \ (__| |_| | (_) | | | \__ \     |
[2023-08-02 08:28:31Z INFO Terminal] WRITE LINE: |       \____|_|\__|_| |_|\__,_|_.__/  /_/   \_\___|\__|_|\___/|_| |_|___/     |
[2023-08-02 08:28:31Z INFO Terminal] WRITE LINE: |                                                                              |
[2023-08-02 08:28:31Z INFO Terminal] WRITE: |                       
[2023-08-02 08:28:31Z INFO Terminal] WRITE: Self-hosted runner registration
[2023-08-02 08:28:31Z INFO Terminal] WRITE LINE:                         |
[2023-08-02 08:28:31Z INFO Terminal] WRITE LINE: |                                                                              |
[2023-08-02 08:28:31Z INFO Terminal] WRITE LINE: --------------------------------------------------------------------------------
[2023-08-02 08:28:31Z INFO ConfigurationManager] ConfigureAsync
[2023-08-02 08:28:31Z INFO CommandSettings] Flag 'generateServiceConfig': 'False'
[2023-08-02 08:28:31Z INFO ConfigurationStore] IsConfigured()
[2023-08-02 08:28:31Z INFO ConfigurationStore] IsConfigured: False
[2023-08-02 08:28:31Z INFO ConfigurationManager] Is configured: False
[2023-08-02 08:28:31Z INFO CommandSettings] Arg 'url': 'https://github.com/dani01Lost4ever/Angular-2'
[2023-08-02 08:28:31Z INFO CommandSettings] Remove url from Arg dictionary.
[2023-08-02 08:28:31Z INFO CommandSettings] Arg 'token': '***'
[2023-08-02 08:28:31Z INFO CommandSettings] Remove token from Arg dictionary.
[2023-08-02 08:28:32Z INFO ConfigurationManager] Http response code: OK from 'POST https://api.github.com/actions/runner-registration' (4460:307A:92ADCE4:93F61B6:64CA13AF)
[2023-08-02 08:28:32Z INFO ConfigurationManager] Using V2 flow: False
[2023-08-02 08:28:32Z INFO ConfigurationManager] cred retrieved via GitHub auth
[2023-08-02 08:28:32Z INFO RunnerServer] EstablishVssConnection
[2023-08-02 08:28:32Z INFO RunnerServer] Establish connection with 100 seconds timeout.
[2023-08-02 08:28:32Z INFO GitHubActionsService] Starting operation Location.GetConnectionData
[2023-08-02 08:28:32Z INFO RunnerServer] EstablishVssConnection
[2023-08-02 08:28:32Z INFO RunnerServer] Establish connection with 60 seconds timeout.
[2023-08-02 08:28:32Z INFO GitHubActionsService] Starting operation Location.GetConnectionData
[2023-08-02 08:28:32Z INFO RunnerServer] EstablishVssConnection
[2023-08-02 08:28:32Z INFO RunnerServer] Establish connection with 60 seconds timeout.
[2023-08-02 08:28:32Z INFO GitHubActionsService] Starting operation Location.GetConnectionData
[2023-08-02 08:28:33Z INFO GitHubActionsService] Finished operation Location.GetConnectionData
[2023-08-02 08:28:33Z INFO GitHubActionsService] Finished operation Location.GetConnectionData
[2023-08-02 08:28:33Z INFO GitHubActionsService] Finished operation Location.GetConnectionData
[2023-08-02 08:28:33Z INFO Terminal] WRITE LINE: 
[2023-08-02 08:28:33Z INFO ConfigurationManager] Test Connection complete.
[2023-08-02 08:28:33Z INFO HostContext] Well known directory 'Bin': 'C:\Users\busettod\OneDrive\Desktop\WEB DEVELOPER FULL STACK\Angular 2\actions-runner\bin'
[2023-08-02 08:28:33Z INFO HostContext] Well known directory 'Root': 'C:\Users\busettod\OneDrive\Desktop\WEB DEVELOPER FULL STACK\Angular 2\actions-runner'
[2023-08-02 08:28:33Z INFO HostContext] Well known config file 'RSACredentials': 'C:\Users\busettod\OneDrive\Desktop\WEB DEVELOPER FULL STACK\Angular 2\actions-runner\.credentials_rsaparams'
[2023-08-02 08:28:33Z INFO RSAEncryptedFileKeyManager] Creating new RSA key using 2048-bit key length
[2023-08-02 08:28:33Z INFO RSAEncryptedFileKeyManager] Successfully saved RSA key parameters to file C:\Users\busettod\OneDrive\Desktop\WEB DEVELOPER FULL STACK\Angular 2\actions-runner\.credentials_rsaparams
[2023-08-02 08:28:33Z INFO CommandSettings] Arg 'runnergroup': ''
[2023-08-02 08:28:33Z INFO CommandSettings] Flag 'unattended': 'False'
[2023-08-02 08:28:33Z INFO PromptManager] ReadValue
[2023-08-02 08:28:33Z INFO Terminal] WRITE: Enter the name of the runner group to add this runner to: 
[2023-08-02 08:28:33Z INFO Terminal] WRITE: [press Enter for Default] 
[2023-08-02 08:28:33Z INFO Terminal] READ LINE
[2023-08-02 08:28:34Z INFO Terminal] Read value: ''
[2023-08-02 08:28:34Z INFO PromptManager] Falling back to the default: 'Default'
[2023-08-02 08:28:34Z INFO Terminal] WRITE LINE: 
[2023-08-02 08:28:34Z INFO ConfigurationManager] Found a self-hosted runner group with id 1 and name Default
[2023-08-02 08:28:34Z INFO CommandSettings] Flag 'disableupdate': 'False'
[2023-08-02 08:28:34Z INFO CommandSettings] Flag 'ephemeral': 'False'
[2023-08-02 08:28:34Z INFO CommandSettings] Arg 'name': ''
[2023-08-02 08:28:34Z INFO CommandSettings] Flag 'unattended': 'False'
[2023-08-02 08:28:34Z INFO PromptManager] ReadValue
[2023-08-02 08:28:34Z INFO Terminal] WRITE: Enter the name of runner: 
[2023-08-02 08:28:34Z INFO Terminal] WRITE: [press Enter for NIUKOITS_04] 
[2023-08-02 08:28:34Z INFO Terminal] READ LINE
[2023-08-02 08:28:35Z INFO Terminal] Read value: ''
[2023-08-02 08:28:35Z INFO PromptManager] Falling back to the default: 'NIUKOITS_04'
[2023-08-02 08:28:35Z INFO Terminal] WRITE LINE: 
[2023-08-02 08:28:35Z INFO CommandSettings] Arg 'labels': ''
[2023-08-02 08:28:35Z INFO CommandSettings] Flag 'unattended': 'False'
[2023-08-02 08:28:35Z INFO PromptManager] ReadValue
[2023-08-02 08:28:35Z INFO Terminal] WRITE: This runner will have the following labels: 'self-hosted', 'Windows', 'X64' 
Enter any additional labels (ex. label-1,label-2): 
[2023-08-02 08:28:35Z INFO Terminal] WRITE: [press Enter to skip] 
[2023-08-02 08:28:35Z INFO Terminal] READ LINE
[2023-08-02 08:28:36Z INFO Terminal] Read value: ''
[2023-08-02 08:28:36Z INFO Terminal] WRITE LINE: 
[2023-08-02 08:28:37Z INFO CommandSettings] Flag 'disableupdate': 'False'
[2023-08-02 08:28:37Z INFO CommandSettings] Flag 'no-default-labels': 'False'
[2023-08-02 08:28:37Z INFO CommandSettings] Flag 'disableupdate': 'False'
[2023-08-02 08:28:37Z INFO CommandSettings] Flag 'ephemeral': 'False'
[2023-08-02 08:28:37Z INFO ConfigurationStore] Saving OAuth credential @ C:\Users\busettod\OneDrive\Desktop\WEB DEVELOPER FULL STACK\Angular 2\actions-runner\.credentials
[2023-08-02 08:28:37Z INFO ConfigurationStore] Credentials Saved.
[2023-08-02 08:28:37Z INFO ConfigurationStore] HasCredentials()
[2023-08-02 08:28:37Z INFO ConfigurationStore] stored True
[2023-08-02 08:28:37Z INFO CredentialManager] GetCredentialProvider
[2023-08-02 08:28:37Z INFO CredentialManager] Creating type OAuth
[2023-08-02 08:28:37Z INFO CredentialManager] Creating credential type: OAuth
[2023-08-02 08:28:37Z INFO RSAEncryptedFileKeyManager] Loading RSA key parameters from file C:\Users\busettod\OneDrive\Desktop\WEB DEVELOPER FULL STACK\Angular 2\actions-runner\.credentials_rsaparams
[2023-08-02 08:28:37Z INFO RunnerServer] EstablishVssConnection
[2023-08-02 08:28:37Z INFO RunnerServer] Establish connection with 100 seconds timeout.
[2023-08-02 08:28:37Z INFO GitHubActionsService] Starting operation Location.GetConnectionData
[2023-08-02 08:28:37Z INFO RunnerServer] EstablishVssConnection
[2023-08-02 08:28:37Z INFO RunnerServer] Establish connection with 60 seconds timeout.
[2023-08-02 08:28:37Z INFO GitHubActionsService] Starting operation Location.GetConnectionData
[2023-08-02 08:28:37Z INFO RunnerServer] EstablishVssConnection
[2023-08-02 08:28:37Z INFO RunnerServer] Establish connection with 60 seconds timeout.
[2023-08-02 08:28:37Z INFO GitHubActionsService] Starting operation Location.GetConnectionData
[2023-08-02 08:28:38Z INFO GitHubActionsService] Finished operation Location.GetConnectionData
[2023-08-02 08:28:38Z INFO GitHubActionsService] Finished operation Location.GetConnectionData
[2023-08-02 08:28:38Z INFO GitHubActionsService] Finished operation Location.GetConnectionData
[2023-08-02 08:28:38Z INFO RSAEncryptedFileKeyManager] Loading RSA key parameters from file C:\Users\busettod\OneDrive\Desktop\WEB DEVELOPER FULL STACK\Angular 2\actions-runner\.credentials_rsaparams
[2023-08-02 08:28:38Z INFO RSAEncryptedFileKeyManager] Loading RSA key parameters from file C:\Users\busettod\OneDrive\Desktop\WEB DEVELOPER FULL STACK\Angular 2\actions-runner\.credentials_rsaparams
[2023-08-02 08:28:39Z INFO GitHubActionsService] AAD Correlation ID for this token request: Unknown
[2023-08-02 08:28:39Z INFO CommandSettings] Arg 'work': ''
[2023-08-02 08:28:39Z INFO CommandSettings] Flag 'unattended': 'False'
[2023-08-02 08:28:39Z INFO PromptManager] ReadValue
[2023-08-02 08:28:39Z INFO Terminal] WRITE: Enter name of work folder: 
[2023-08-02 08:28:39Z INFO Terminal] WRITE: [press Enter for _work] 
[2023-08-02 08:28:39Z INFO Terminal] READ LINE
[2023-08-02 08:28:39Z INFO Terminal] Read value: ''
[2023-08-02 08:28:39Z INFO PromptManager] Falling back to the default: '_work'
[2023-08-02 08:28:39Z INFO ConfigurationStore] Saving runner settings.
[2023-08-02 08:28:39Z INFO ConfigurationStore] Settings Saved.
[2023-08-02 08:28:39Z INFO Terminal] WRITE LINE: 
[2023-08-02 08:28:39Z INFO Terminal] WRITE LINE: 
[2023-08-02 08:28:39Z INFO CommandSettings] Flag 'runasservice': 'False'
[2023-08-02 08:28:39Z INFO CommandSettings] Flag 'unattended': 'False'
[2023-08-02 08:28:39Z INFO PromptManager] ReadValue
[2023-08-02 08:28:39Z INFO Terminal] WRITE: Would you like to run the runner as service? (Y/N) 
[2023-08-02 08:28:39Z INFO Terminal] WRITE: [press Enter for N] 
[2023-08-02 08:28:39Z INFO Terminal] READ LINE
[2023-08-02 08:28:39Z INFO Terminal] Read value: ''
[2023-08-02 08:28:39Z INFO PromptManager] Falling back to the default: 'N'
[2023-08-02 08:28:39Z INFO Listener] Runner execution has finished with return code 0
